\BOOKMARK [1][-]{section.1}{\376\377\000I\000n\000t\000r\000o\000d\000u\000c\000t\000i\000o\000n}{}% 1
\BOOKMARK [2][-]{subsection.1.1}{\376\377\000W\000h\000a\000t\000\040\000i\000s\000\040\000a\000\040\000J\000S\000N\000A\000?}{section.1}% 2
\BOOKMARK [2][-]{subsection.1.2}{\376\377\000W\000e\000s\000t\000\040\000S\000u\000s\000s\000e\000x\000\040\000H\000e\000a\000l\000t\000h\000\040\000a\000n\000d\000\040\000W\000e\000l\000l\000b\000e\000i\000n\000g\000\040\000S\000t\000r\000a\000t\000e\000g\000y\000\040\000P\000r\000i\000o\000r\000i\000t\000i\000e\000s\000\040\0002\0000\0001\0009\000-\0002\0000\0002\0004}{section.1}% 3
\BOOKMARK [3][-]{subsubsection.1.2.1}{\376\377\000S\000t\000a\000r\000t\000\040\000W\000e\000l\000l\000\040\000P\000r\000i\000o\000r\000i\000t\000i\000e\000s}{subsection.1.2}% 4
\BOOKMARK [3][-]{subsubsection.1.2.2}{\376\377\000L\000i\000v\000e\000\040\000W\000e\000l\000l\000\040\000P\000r\000i\000o\000r\000i\000t\000i\000e\000s}{subsection.1.2}% 5
\BOOKMARK [3][-]{subsubsection.1.2.3}{\376\377\000A\000g\000e\000\040\000W\000e\000l\000l\000\040\000P\000r\000i\000o\000r\000i\000t\000i\000e\000s}{subsection.1.2}% 6
\BOOKMARK [2][-]{subsection.1.3}{\376\377\000I\000m\000p\000a\000c\000t\000\040\000o\000f\000\040\000C\000o\000v\000i\000d\000-\0001\0009\000\040\000o\000n\000\040\000P\000u\000b\000l\000i\000c\000\040\000H\000e\000a\000l\000t\000h\000\040\000O\000u\000t\000c\000o\000m\000e\000s}{section.1}% 7
\BOOKMARK [2][-]{subsection.1.4}{\376\377\000W\000e\000s\000t\000\040\000S\000u\000s\000s\000e\000x\000\040\000i\000n\000\040\000O\000u\000t\000l\000i\000n\000e}{section.1}% 8
\BOOKMARK [3][-]{subsubsection.1.4.1}{\376\377\000W\000e\000s\000t\000\040\000S\000u\000s\000s\000e\000x\000\040\000a\000s\000\040\000H\000o\000m\000e}{subsection.1.4}% 9
\BOOKMARK [2][-]{subsection.1.5}{\376\377\000P\000r\000o\000t\000e\000c\000t\000e\000d\000\040\000c\000h\000a\000r\000a\000c\000t\000e\000r\000i\000s\000t\000i\000c\000s}{section.1}% 10
\BOOKMARK [3][-]{subsubsection.1.5.1}{\376\377\000O\000t\000h\000e\000r\000\040\000v\000u\000l\000n\000e\000r\000a\000b\000l\000e\000\040\000g\000r\000o\000u\000p\000s\000\040\000i\000n\000\040\000t\000h\000e\000\040\000p\000o\000p\000u\000l\000a\000t\000i\000o\000n}{subsection.1.5}% 11
\BOOKMARK [2][-]{subsection.1.6}{\376\377\000P\000o\000p\000u\000l\000a\000t\000i\000o\000n\000\040\000e\000s\000t\000i\000m\000a\000t\000e\000s}{section.1}% 12
\BOOKMARK [2][-]{subsection.1.7}{\376\377\000N\000a\000t\000u\000r\000a\000l\000\040\000A\000s\000s\000e\000t\000s}{section.1}% 13
\BOOKMARK [3][-]{subsubsection.1.7.1}{\376\377\000H\000e\000a\000l\000t\000h\000y\000\040\000E\000n\000v\000i\000r\000o\000n\000m\000e\000n\000t\000s\000\040\040\023\000\040\000T\000h\000e\000\040\000A\000c\000c\000e\000s\000s\000\040\000t\000o\000\040\000H\000e\000a\000l\000t\000h\000\040\000a\000n\000d\000\040\000H\000a\000z\000a\000r\000d\000s\000\040\000I\000n\000d\000e\000x}{subsection.1.7}% 14
\BOOKMARK [2][-]{subsection.1.8}{\376\377\000P\000o\000v\000e\000r\000t\000y}{section.1}% 15
\BOOKMARK [3][-]{subsubsection.1.8.1}{\376\377\000P\000o\000v\000e\000r\000t\000y\000\040\000a\000n\000d\000\040\000P\000o\000o\000r\000\040\000H\000e\000a\000l\000t\000h}{subsection.1.8}% 16
\BOOKMARK [3][-]{subsubsection.1.8.2}{\376\377\000I\000n\000c\000o\000m\000e\000\040\000D\000e\000p\000r\000i\000v\000a\000t\000i\000o\000n\000\040\000i\000n\000\040\000W\000e\000s\000t\000\040\000S\000u\000s\000s\000e\000x}{subsection.1.8}% 17
\BOOKMARK [2][-]{subsection.1.9}{\376\377\000I\000n\000e\000q\000u\000a\000l\000i\000t\000y\000\040\000i\000n\000\040\000l\000i\000f\000e\000\040\000e\000x\000p\000e\000c\000t\000a\000n\000c\000y}{section.1}% 18
\BOOKMARK [1][-]{section.2}{\376\377\000S\000t\000a\000r\000t\000i\000n\000g\000\040\000W\000e\000l\000l}{}% 19
\BOOKMARK [2][-]{subsection.2.1}{\376\377\000S\000u\000m\000m\000a\000r\000y}{section.2}% 20
\BOOKMARK [2][-]{subsection.2.2}{\376\377\000I\000n\000f\000a\000n\000t\000\040\000a\000n\000d\000\040\000M\000a\000t\000e\000r\000n\000a\000l\000\040\000H\000e\000a\000l\000t\000h}{section.2}% 21
\BOOKMARK [3][-]{subsubsection.2.2.1}{\376\377\000I\000n\000f\000a\000n\000t\000\040\000a\000n\000d\000\040\000M\000a\000t\000e\000r\000n\000a\000l\000\040\000H\000e\000a\000l\000t\000h}{subsection.2.2}% 22
\BOOKMARK [3][-]{subsubsection.2.2.2}{\376\377\000M\000a\000t\000e\000r\000n\000a\000l\000\040\000M\000e\000n\000t\000a\000l\000\040\000H\000e\000a\000l\000t\000h}{subsection.2.2}% 23
\BOOKMARK [2][-]{subsection.2.3}{\376\377\000W\000e\000s\000t\000\040\000S\000u\000s\000s\000e\000x\000\040\000C\000h\000i\000l\000d\000h\000o\000o\000d\000\040\000V\000a\000c\000c\000i\000n\000e\000\040\000a\000n\000d\000\040\000I\000m\000m\000u\000n\000i\000s\000a\000t\000i\000o\000n\000\040\000C\000o\000v\000e\000r\000a\000g\000e\000\040\000R\000a\000t\000e\000s}{section.2}% 24
\BOOKMARK [2][-]{subsection.2.4}{\376\377\000H\000o\000s\000p\000i\000t\000a\000l\000\040\000a\000d\000m\000i\000s\000s\000i\000o\000n\000s}{section.2}% 25
\BOOKMARK [2][-]{subsection.2.5}{\376\377\000D\000i\000s\000a\000b\000i\000l\000i\000t\000y\000\040\000t\000h\000r\000o\000u\000g\000h\000\040\000t\000h\000e\000\040\000l\000i\000f\000e\000\040\000c\000o\000u\000r\000s\000e}{section.2}% 26
\BOOKMARK [2][-]{subsection.2.6}{\376\377\000M\000e\000n\000t\000a\000l\000\040\000H\000e\000a\000l\000t\000h\000\040\000a\000n\000d\000\040\000W\000e\000l\000l\000b\000e\000i\000n\000g}{section.2}% 27
\BOOKMARK [2][-]{subsection.2.7}{\376\377\000A\000u\000t\000i\000s\000m}{section.2}% 28
\BOOKMARK [2][-]{subsection.2.8}{\376\377\000H\000e\000a\000l\000t\000h\000\040\000R\000e\000l\000a\000t\000e\000d\000\040\000B\000e\000h\000a\000v\000i\000o\000u\000r\000s\000\040\000a\000n\000d\000\040\000H\000e\000a\000l\000t\000h\000y\000\040\000W\000e\000i\000g\000h\000t}{section.2}% 29
\BOOKMARK [3][-]{subsubsection.2.8.1}{\376\377\000H\000e\000a\000l\000t\000h\000y\000\040\000W\000e\000i\000g\000h\000t\000\040\000-\000\040\000R\000e\000c\000e\000p\000t\000i\000o\000n\000\040\000a\000n\000d\000\040\000Y\000e\000a\000r\000\040\0006\000\040\000P\000u\000p\000i\000l\000s}{subsection.2.8}% 30
\BOOKMARK [3][-]{subsubsection.2.8.2}{\376\377\000E\000d\000u\000c\000a\000t\000i\000o\000n}{subsection.2.8}% 31
\BOOKMARK [3][-]{subsubsection.2.8.3}{\376\377\000S\000o\000c\000i\000a\000l\000\040\000C\000a\000r\000e\000\040\000a\000n\000d\000\040\000C\000o\000m\000m\000u\000n\000i\000t\000y\000\040\000S\000a\000f\000e\000t\000y}{subsection.2.8}% 32
\BOOKMARK [3][-]{subsubsection.2.8.4}{\376\377\000T\000r\000a\000n\000s\000i\000t\000i\000o\000n\000\040\000t\000o\000\040\000A\000d\000u\000l\000t}{subsection.2.8}% 33
\BOOKMARK [1][-]{section.3}{\376\377\000L\000i\000v\000i\000n\000g\000\040\000W\000e\000l\000l}{}% 34
\BOOKMARK [2][-]{subsection.3.1}{\376\377\000S\000u\000m\000m\000a\000r\000y}{section.3}% 35
\BOOKMARK [2][-]{subsection.3.2}{\376\377\000L\000i\000f\000e\000\040\000e\000x\000p\000e\000c\000t\000a\000n\000c\000y}{section.3}% 36
\BOOKMARK [3][-]{subsubsection.3.2.1}{\376\377\000H\000e\000a\000l\000t\000h\000y\000\040\000L\000i\000f\000e\000\040\000E\000x\000p\000e\000c\000t\000a\000n\000c\000y\000\040\000a\000t\000\040\000b\000i\000r\000t\000h}{subsection.3.2}% 37
\BOOKMARK [2][-]{subsection.3.3}{\376\377\000Y\000e\000a\000r\000s\000\040\000o\000f\000\040\000P\000o\000t\000e\000n\000t\000i\000a\000l\000\040\000L\000i\000f\000e\000\040\000L\000o\000s\000t\000\040\000-\000\040\000W\000e\000s\000t\000\040\000S\000u\000s\000s\000e\000x\000\040\000P\000r\000i\000m\000a\000r\000y\000\040\000C\000a\000r\000e\000\040\000N\000e\000t\000w\000o\000r\000k\000s}{section.3}% 38
\BOOKMARK [2][-]{subsection.3.4}{\376\377\000E\000m\000p\000l\000o\000y\000m\000e\000n\000t\000\040\000a\000n\000d\000\040\000U\000n\000e\000m\000p\000l\000o\000y\000m\000e\000n\000t}{section.3}% 39
\BOOKMARK [3][-]{subsubsection.3.4.1}{\376\377\000H\000e\000a\000l\000t\000h\000\040\000a\000n\000d\000\040\000S\000o\000c\000i\000a\000l\000\040\000C\000a\000r\000e\000\040\000W\000o\000r\000k\000f\000o\000r\000c\000e\000\040\000-\000\040\000P\000r\000i\000m\000a\000r\000y\000\040\000C\000a\000r\000e}{subsection.3.4}% 40
\BOOKMARK [2][-]{subsection.3.5}{\376\377\000H\000e\000a\000l\000t\000h\000\040\000a\000n\000d\000\040\000S\000o\000c\000i\000a\000l\000\040\000C\000a\000r\000e\000\040\000W\000o\000r\000k\000f\000o\000r\000c\000e\000\040\000-\000\040\000S\000o\000c\000i\000a\000l\000\040\000C\000a\000r\000e\000\040\000/\000\040\000C\000a\000r\000e\000\040\000B\000e\000n\000e\000f\000i\000t\000s}{section.3}% 41
\BOOKMARK [2][-]{subsection.3.6}{\376\377\000U\000n\000p\000a\000i\000d\000\040\000C\000a\000r\000e}{section.3}% 42
\BOOKMARK [2][-]{subsection.3.7}{\376\377\000H\000e\000a\000l\000t\000h\000\040\000R\000e\000l\000a\000t\000e\000d\000\040\000B\000e\000h\000a\000v\000i\000o\000u\000r\000s}{section.3}% 43
\BOOKMARK [2][-]{subsection.3.8}{\376\377\000S\000u\000b\000s\000t\000a\000n\000c\000e\000\040\000M\000i\000s\000u\000s\000e}{section.3}% 44
\BOOKMARK [3][-]{subsubsection.3.8.1}{\376\377\000T\000o\000b\000a\000c\000c\000o}{subsection.3.8}% 45
\BOOKMARK [3][-]{subsubsection.3.8.2}{\376\377\000S\000u\000b\000s\000t\000a\000n\000c\000e\000\040\000M\000i\000s\000u\000s\000e\000\040\000-\000\040\000A\000l\000c\000o\000h\000o\000l\000\040\000a\000n\000d\000\040\000D\000r\000u\000g\000s}{subsection.3.8}% 46
\BOOKMARK [3][-]{subsubsection.3.8.3}{\376\377\000T\000r\000e\000a\000t\000m\000e\000n\000t\000\040\000O\000u\000t\000c\000o\000m\000e\000s\000\040\000/\000\040\000I\000m\000p\000a\000c\000t}{subsection.3.8}% 47
\BOOKMARK [2][-]{subsection.3.9}{\376\377\000S\000e\000x\000u\000a\000l\000\040\000H\000e\000a\000l\000t\000h}{section.3}% 48
\BOOKMARK [2][-]{subsection.3.10}{\376\377\000S\000c\000r\000e\000e\000n\000i\000n\000g}{section.3}% 49
\BOOKMARK [3][-]{subsubsection.3.10.1}{\376\377\000F\000l\000u\000\040\000j\000a\000b\000s\000\040\000-\000\040\000f\000o\000r\000\040\000a\000t\000\040\000r\000i\000s\000k\000\040\000g\000r\000o\000u\000p\000s}{subsection.3.10}% 50
\BOOKMARK [3][-]{subsubsection.3.10.2}{\376\377\000N\000H\000S\000\040\000H\000e\000a\000l\000t\000h\000\040\000C\000h\000e\000c\000k\000s}{subsection.3.10}% 51
\BOOKMARK [3][-]{subsubsection.3.10.3}{\376\377\000N\000o\000n\000-\000C\000a\000n\000c\000e\000r\000\040\000S\000c\000r\000e\000e\000n\000i\000n\000g}{subsection.3.10}% 52
\BOOKMARK [3][-]{subsubsection.3.10.4}{\376\377\000C\000a\000n\000c\000e\000r\000\040\000S\000c\000r\000e\000e\000n\000i\000n\000g\000\040\000P\000r\000o\000g\000r\000a\000m\000m\000e\000s}{subsection.3.10}% 53
\BOOKMARK [2][-]{subsection.3.11}{\376\377\000M\000e\000n\000t\000a\000l\000\040\000H\000e\000a\000l\000t\000h}{section.3}% 54
\BOOKMARK [3][-]{subsubsection.3.11.1}{\376\377\000A\000P\000M\000S\000\040\000K\000e\000y\000\040\000F\000i\000n\000d\000i\000n\000g\000s}{subsection.3.11}% 55
\BOOKMARK [3][-]{subsubsection.3.11.2}{\376\377\000S\000e\000v\000e\000r\000e\000\040\000M\000e\000n\000t\000a\000l\000\040\000I\000l\000l\000n\000e\000s\000s}{subsection.3.11}% 56
\BOOKMARK [3][-]{subsubsection.3.11.3}{\376\377\000L\000e\000a\000r\000n\000i\000n\000g\000\040\000D\000i\000s\000a\000b\000i\000l\000i\000t\000y}{subsection.3.11}% 57
\BOOKMARK [3][-]{subsubsection.3.11.4}{\376\377\000W\000e\000l\000l\000b\000e\000i\000n\000g}{subsection.3.11}% 58
\BOOKMARK [3][-]{subsubsection.3.11.5}{\376\377\000M\000e\000a\000s\000u\000r\000i\000n\000g\000\040\000W\000e\000l\000l\000b\000e\000i\000n\000g}{subsection.3.11}% 59
\BOOKMARK [2][-]{subsection.3.12}{\376\377\000P\000r\000e\000m\000a\000t\000u\000r\000e\000\040\000M\000o\000r\000t\000a\000l\000i\000t\000y}{section.3}% 60
\BOOKMARK [2][-]{subsection.3.13}{\376\377\000S\000u\000i\000c\000i\000d\000e}{section.3}% 61
\BOOKMARK [3][-]{subsubsection.3.13.1}{\376\377\000D\000e\000m\000o\000g\000r\000a\000p\000h\000i\000c\000\040\000I\000n\000f\000o\000r\000m\000a\000t\000i\000o\000n\000\040\000f\000r\000o\000m\000\040\000t\000h\000e\000\040\000W\000e\000s\000t\000\040\000S\000u\000s\000s\000e\000x\000\040\000S\000u\000i\000c\000i\000d\000e\000\040\000A\000u\000d\000i\000t\000\040\0002\0000\0001\0003\000-\0001\0005}{subsection.3.13}% 62
\BOOKMARK [2][-]{subsection.3.14}{\376\377\000C\000o\000m\000m\000u\000n\000i\000t\000y\000\040\000S\000a\000f\000e\000t\000y}{section.3}% 63
\BOOKMARK [3][-]{subsubsection.3.14.1}{\376\377\000V\000i\000o\000l\000e\000n\000t\000\040\000o\000f\000f\000e\000n\000c\000e\000s}{subsection.3.14}% 64
\BOOKMARK [3][-]{subsubsection.3.14.2}{\376\377\000S\000e\000x\000u\000a\000l\000\040\000o\000f\000f\000e\000n\000c\000e\000s}{subsection.3.14}% 65
\BOOKMARK [3][-]{subsubsection.3.14.3}{\376\377\000D\000o\000m\000e\000s\000t\000i\000c\000\040\000a\000b\000u\000s\000e}{subsection.3.14}% 66
\BOOKMARK [3][-]{subsubsection.3.14.4}{\376\377\000R\000o\000a\000d\000\040\000a\000c\000c\000i\000d\000e\000n\000t\000s}{subsection.3.14}% 67
\BOOKMARK [1][-]{section.4}{\376\377\000A\000g\000e\000i\000n\000g\000\040\000W\000e\000l\000l}{}% 68
\BOOKMARK [2][-]{subsection.4.1}{\376\377\000S\000u\000m\000m\000a\000r\000y}{section.4}% 69
\BOOKMARK [2][-]{subsection.4.2}{\376\377\000O\000v\000e\000r\000\040\0006\0005\000\040\000P\000o\000p\000u\000l\000a\000t\000i\000o\000n\000\040\000B\000a\000c\000k\000g\000r\000o\000u\000n\000d}{section.4}% 70
\BOOKMARK [2][-]{subsection.4.3}{\376\377\000L\000o\000n\000g\000\040\000T\000e\000r\000m\000\040\000H\000e\000a\000l\000t\000h\000\040\000C\000o\000n\000d\000i\000t\000i\000o\000n\000s}{section.4}% 71
\BOOKMARK [2][-]{subsection.4.4}{\376\377\000M\000u\000l\000t\000i\000-\000m\000o\000r\000b\000i\000d\000i\000t\000y\000\040\000e\000s\000t\000i\000m\000a\000t\000e\000s}{section.4}% 72
\BOOKMARK [3][-]{subsubsection.4.4.1}{\376\377\000M\000u\000l\000t\000i\000-\000m\000o\000r\000b\000i\000d\000i\000t\000y\000\040\000e\000s\000t\000i\000m\000a\000t\000e\000s\000\040\000b\000y\000\040\000a\000g\000e\000\040\000-\000\040\000W\000e\000s\000t\000\040\000S\000u\000s\000s\000e\000x}{subsection.4.4}% 73
\BOOKMARK [2][-]{subsection.4.5}{\376\377\000S\000e\000g\000m\000e\000n\000t\000i\000n\000g\000\040\000t\000h\000e\000\040\0006\0005\000+\000\040\000P\000o\000p\000u\000l\000a\000t\000i\000o\000n}{section.4}% 74
\BOOKMARK [3][-]{subsubsection.4.5.1}{\376\377\000U\000s\000i\000n\000g\000\040\000G\000P\000\040\000P\000a\000t\000i\000e\000n\000t\000\040\000R\000e\000g\000i\000s\000t\000e\000r\000\040\000D\000a\000t\000a}{subsection.4.5}% 75
\BOOKMARK [3][-]{subsubsection.4.5.2}{\376\377\000E\000s\000t\000i\000m\000a\000t\000i\000n\000g\000\040\000C\000a\000r\000e\000\040\000N\000e\000e\000d\000s\000\040\000i\000n\000\040\000a\000\040\000P\000o\000p\000u\000l\000a\000t\000i\000o\000n}{subsection.4.5}% 76
\BOOKMARK [2][-]{subsection.4.6}{\376\377\000S\000e\000l\000f\000\040\000c\000a\000r\000e}{section.4}% 77
\BOOKMARK [2][-]{subsection.4.7}{\376\377\000N\000e\000e\000d\000\040\000R\000e\000l\000a\000t\000e\000d\000\040\000t\000o\000\040\000A\000c\000t\000i\000v\000i\000t\000i\000e\000s\000\040\000o\000f\000\040\000D\000a\000i\000l\000y\000\040\000L\000i\000v\000i\000n\000g}{section.4}% 78
\BOOKMARK [3][-]{subsubsection.4.7.1}{\376\377\000S\000o\000c\000i\000a\000l\000\040\000C\000a\000r\000e\000\040\000-\000\040\000E\000x\000p\000r\000e\000s\000s\000e\000d\000\040\000D\000e\000m\000a\000n\000d}{subsection.4.7}% 79
\BOOKMARK [2][-]{subsection.4.8}{\376\377\000D\000e\000m\000a\000n\000d\000\040\000o\000v\000e\000r\000\040\000t\000i\000m\000e}{section.4}% 80
\BOOKMARK [2][-]{subsection.4.9}{\376\377\000W\000e\000s\000t\000\040\000S\000u\000s\000s\000e\000x\000\040\000S\000o\000c\000i\000a\000l\000\040\000C\000a\000r\000e}{section.4}% 81
\BOOKMARK [3][-]{subsubsection.4.9.1}{\376\377\000O\000v\000e\000r\000v\000i\000e\000w\000\040\000o\000f\000\040\000r\000e\000q\000u\000e\000s\000t\000s\000\040\000f\000o\000r\000\040\000s\000u\000p\000p\000o\000r\000t\000\040\0002\0000\0001\0008\000-\0001\0009\000\040\000a\000n\000d\000\040\000t\000h\000e\000\040\000o\000u\000t\000c\000o\000m\000e\000s}{subsection.4.9}% 82
\BOOKMARK [2][-]{subsection.4.10}{\376\377\000A\000d\000u\000l\000t\000\040\000S\000o\000c\000i\000a\000l\000\040\000C\000a\000r\000e\000\040\000U\000s\000e\000r\000s\000\040\000S\000u\000r\000v\000e\000y}{section.4}% 83
\BOOKMARK [2][-]{subsection.4.11}{\376\377\000F\000a\000l\000l\000s\000\040\000a\000n\000d\000\040\000F\000r\000a\000c\000t\000u\000r\000e\000s}{section.4}% 84
\BOOKMARK [3][-]{subsubsection.4.11.1}{\376\377\000E\000m\000e\000r\000g\000e\000n\000c\000y\000\040\000A\000d\000m\000i\000s\000s\000i\000o\000n\000s\000\040\000f\000o\000r\000\040\000F\000a\000l\000l\000s\000\040\000-\000\040\000A\000g\000e\000\040\000a\000n\000d\000\040\000S\000e\000x\000\040\000P\000r\000o\000f\000i\000l\000e}{subsection.4.11}% 85
\BOOKMARK [3][-]{subsubsection.4.11.2}{\376\377\000V\000a\000c\000c\000i\000n\000a\000t\000i\000o\000n\000\040\000c\000o\000v\000e\000r\000a\000g\000e\000\040\000i\000n\000\040\000o\000v\000e\000r\000-\0006\0005\000s}{subsection.4.11}% 86
\BOOKMARK [2][-]{subsection.4.12}{\376\377\000E\000x\000c\000e\000s\000s\000\040\000W\000i\000n\000t\000e\000r\000\040\000D\000e\000a\000t\000h\000s\000\040\000a\000n\000d\000\040\000W\000i\000n\000t\000e\000r\000\040\000W\000e\000l\000l\000b\000e\000i\000n\000g}{section.4}% 87
\BOOKMARK [3][-]{subsubsection.4.12.1}{\376\377\000W\000e\000s\000t\000\040\000S\000u\000s\000s\000e\000x\000\040\000E\000x\000c\000e\000s\000s\000\040\000W\000i\000n\000t\000e\000r\000\040\000D\000e\000a\000t\000h\000s}{subsection.4.12}% 88
